2026-06-16 00:09:25,577 - rag_pipeline_prod - INFO - ==================================================
2026-06-16 00:09:25,577 - rag_pipeline_prod - INFO - Initializing RAG Pipeline (Production)
2026-06-16 00:09:25,578 - rag_pipeline_prod - INFO - Timestamp: 2026-06-16T00:09:25.578084
2026-06-16 00:09:25,578 - rag_pipeline_prod - INFO - ==================================================
2026-06-16 00:09:25,582 - rag_pipeline_prod - INFO - Loading embedding model: all-mpnet-base-v2 on cpu
2026-06-16 00:09:26,113 - httpx - INFO - HTTP Request: HEAD https://huggingface.co/sentence-transformers/all-mpnet-base-v2/resolve/main/modules.json "HTTP/1.1 307 Temporary Redirect"
2026-06-16 00:09:26,114 - huggingface_hub.utils._http - WARNING - Warning: You are sending unauthenticated requests to the HF Hub. Please set a HF_TOKEN to enable higher rate limits and faster downloads.
2026-06-16 00:09:26,127 - httpx - INFO - HTTP Request: HEAD https://huggingface.co/api/resolve-cache/models/sentence-transformers/all-mpnet-base-v2/e8c3b32edf5434bc2275fc9bab85f82640a19130/modules.json "HTTP/1.1 200 OK"
2026-06-16 00:09:26,354 - httpx - INFO - HTTP Request: HEAD https://huggingface.co/sentence-transformers/all-mpnet-base-v2/resolve/main/config_sentence_transformers.json "HTTP/1.1 307 Temporary Redirect"
2026-06-16 00:09:26,365 - httpx - INFO - HTTP Request: HEAD https://huggingface.co/api/resolve-cache/models/sentence-transformers/all-mpnet-base-v2/e8c3b32edf5434bc2275fc9bab85f82640a19130/config_sentence_transformers.json "HTTP/1.1 200 OK"
2026-06-16 00:09:26,366 - sentence_transformers.base.model - INFO - Loading SentenceTransformer model from sentence-transformers/all-mpnet-base-v2.
2026-06-16 00:09:26,593 - httpx - INFO - HTTP Request: HEAD https://huggingface.co/sentence-transformers/all-mpnet-base-v2/resolve/main/config_sentence_transformers.json "HTTP/1.1 307 Temporary Redirect"
2026-06-16 00:09:26,605 - httpx - INFO - HTTP Request: HEAD https://huggingface.co/api/resolve-cache/models/sentence-transformers/all-mpnet-base-v2/e8c3b32edf5434bc2275fc9bab85f82640a19130/config_sentence_transformers.json "HTTP/1.1 200 OK"
2026-06-16 00:09:26,833 - httpx - INFO - HTTP Request: HEAD https://huggingface.co/sentence-transformers/all-mpnet-base-v2/resolve/main/README.md "HTTP/1.1 307 Temporary Redirect"
2026-06-16 00:09:26,842 - httpx - INFO - HTTP Request: HEAD https://huggingface.co/api/resolve-cache/models/sentence-transformers/all-mpnet-base-v2/e8c3b32edf5434bc2275fc9bab85f82640a19130/README.md "HTTP/1.1 200 OK"
2026-06-16 00:09:27,088 - httpx - INFO - HTTP Request: HEAD https://huggingface.co/sentence-transformers/all-mpnet-base-v2/resolve/main/modules.json "HTTP/1.1 307 Temporary Redirect"
2026-06-16 00:09:27,098 - httpx - INFO - HTTP Request: HEAD https://huggingface.co/api/resolve-cache/models/sentence-transformers/all-mpnet-base-v2/e8c3b32edf5434bc2275fc9bab85f82640a19130/modules.json "HTTP/1.1 200 OK"
2026-06-16 00:09:27,328 - httpx - INFO - HTTP Request: HEAD https://huggingface.co/sentence-transformers/all-mpnet-base-v2/resolve/main/sentence_bert_config.json "HTTP/1.1 307 Temporary Redirect"
2026-06-16 00:09:27,339 - httpx - INFO - HTTP Request: HEAD https://huggingface.co/api/resolve-cache/models/sentence-transformers/all-mpnet-base-v2/e8c3b32edf5434bc2275fc9bab85f82640a19130/sentence_bert_config.json "HTTP/1.1 200 OK"
2026-06-16 00:09:27,568 - httpx - INFO - HTTP Request: HEAD https://huggingface.co/sentence-transformers/all-mpnet-base-v2/resolve/main/adapter_config.json "HTTP/1.1 404 Not Found"
2026-06-16 00:09:27,797 - httpx - INFO - HTTP Request: HEAD https://huggingface.co/sentence-transformers/all-mpnet-base-v2/resolve/main/config.json "HTTP/1.1 307 Temporary Redirect"
2026-06-16 00:09:27,808 - httpx - INFO - HTTP Request: HEAD https://huggingface.co/api/resolve-cache/models/sentence-transformers/all-mpnet-base-v2/e8c3b32edf5434bc2275fc9bab85f82640a19130/config.json "HTTP/1.1 200 OK"
2026-06-16 00:09:28,235 - httpx - INFO - HTTP Request: HEAD https://huggingface.co/sentence-transformers/all-mpnet-base-v2/resolve/main/processor_config.json "HTTP/1.1 404 Not Found"
2026-06-16 00:09:28,463 - httpx - INFO - HTTP Request: HEAD https://huggingface.co/sentence-transformers/all-mpnet-base-v2/resolve/main/preprocessor_config.json "HTTP/1.1 404 Not Found"
2026-06-16 00:09:28,700 - httpx - INFO - HTTP Request: HEAD https://huggingface.co/sentence-transformers/all-mpnet-base-v2/resolve/main/video_preprocessor_config.json "HTTP/1.1 404 Not Found"
2026-06-16 00:09:28,934 - httpx - INFO - HTTP Request: HEAD https://huggingface.co/sentence-transformers/all-mpnet-base-v2/resolve/main/preprocessor_config.json "HTTP/1.1 404 Not Found"
2026-06-16 00:09:29,163 - httpx - INFO - HTTP Request: HEAD https://huggingface.co/sentence-transformers/all-mpnet-base-v2/resolve/main/tokenizer_config.json "HTTP/1.1 307 Temporary Redirect"
2026-06-16 00:09:29,175 - httpx - INFO - HTTP Request: HEAD https://huggingface.co/api/resolve-cache/models/sentence-transformers/all-mpnet-base-v2/e8c3b32edf5434bc2275fc9bab85f82640a19130/tokenizer_config.json "HTTP/1.1 200 OK"
2026-06-16 00:09:29,408 - httpx - INFO - HTTP Request: HEAD https://huggingface.co/sentence-transformers/all-mpnet-base-v2/resolve/main/config.json "HTTP/1.1 307 Temporary Redirect"
2026-06-16 00:09:29,419 - httpx - INFO - HTTP Request: HEAD https://huggingface.co/api/resolve-cache/models/sentence-transformers/all-mpnet-base-v2/e8c3b32edf5434bc2275fc9bab85f82640a19130/config.json "HTTP/1.1 200 OK"
2026-06-16 00:09:29,753 - httpx - INFO - HTTP Request: HEAD https://huggingface.co/sentence-transformers/all-mpnet-base-v2/resolve/main/config.json "HTTP/1.1 307 Temporary Redirect"
2026-06-16 00:09:29,765 - httpx - INFO - HTTP Request: HEAD https://huggingface.co/api/resolve-cache/models/sentence-transformers/all-mpnet-base-v2/e8c3b32edf5434bc2275fc9bab85f82640a19130/config.json "HTTP/1.1 200 OK"
2026-06-16 00:09:30,060 - httpx - INFO - HTTP Request: HEAD https://huggingface.co/sentence-transformers/all-mpnet-base-v2/resolve/main/tokenizer_config.json "HTTP/1.1 307 Temporary Redirect"
2026-06-16 00:09:30,071 - httpx - INFO - HTTP Request: HEAD https://huggingface.co/api/resolve-cache/models/sentence-transformers/all-mpnet-base-v2/e8c3b32edf5434bc2275fc9bab85f82640a19130/tokenizer_config.json "HTTP/1.1 200 OK"
2026-06-16 00:09:30,368 - httpx - INFO - HTTP Request: GET https://huggingface.co/api/models/sentence-transformers/all-mpnet-base-v2/tree/main/additional_chat_templates?recursive=false&expand=false "HTTP/1.1 404 Not Found"
2026-06-16 00:09:30,675 - httpx - INFO - HTTP Request: GET https://huggingface.co/api/models/sentence-transformers/all-mpnet-base-v2/tree/main?recursive=true&expand=false "HTTP/1.1 200 OK"
2026-06-16 00:09:31,084 - httpx - INFO - HTTP Request: HEAD https://huggingface.co/sentence-transformers/all-mpnet-base-v2/resolve/main/1_Pooling/config.json "HTTP/1.1 307 Temporary Redirect"
2026-06-16 00:09:31,096 - httpx - INFO - HTTP Request: HEAD https://huggingface.co/api/resolve-cache/models/sentence-transformers/all-mpnet-base-v2/e8c3b32edf5434bc2275fc9bab85f82640a19130/1_Pooling%2Fconfig.json "HTTP/1.1 200 OK"
2026-06-16 00:09:31,416 - httpx - INFO - HTTP Request: GET https://huggingface.co/api/models/sentence-transformers/all-mpnet-base-v2 "HTTP/1.1 200 OK"
2026-06-16 00:09:31,425 - rag_pipeline_prod - INFO - Loading cross-encoder: cross-encoder/ms-marco-MiniLM-L-6-v2 on cpu
2026-06-16 00:09:31,654 - httpx - INFO - HTTP Request: HEAD https://huggingface.co/cross-encoder/ms-marco-MiniLM-L-6-v2/resolve/main/modules.json "HTTP/1.1 307 Temporary Redirect"
2026-06-16 00:09:31,884 - httpx - INFO - HTTP Request: HEAD https://huggingface.co/cross-encoder/ms-marco-MiniLM-L6-v2/resolve/main/modules.json "HTTP/1.1 404 Not Found"
2026-06-16 00:09:31,885 - sentence_transformers.base.model - INFO - No modules.json found for cross-encoder/ms-marco-MiniLM-L-6-v2, initializing a new CrossEncoder model.
2026-06-16 00:09:32,179 - httpx - INFO - HTTP Request: GET https://huggingface.co/api/models/cross-encoder/ms-marco-MiniLM-L-6-v2 "HTTP/1.1 307 Temporary Redirect"
2026-06-16 00:09:32,412 - httpx - INFO - HTTP Request: GET https://huggingface.co/api/models/cross-encoder/ms-marco-MiniLM-L6-v2 "HTTP/1.1 200 OK"
2026-06-16 00:09:32,647 - httpx - INFO - HTTP Request: HEAD https://huggingface.co/cross-encoder/ms-marco-MiniLM-L-6-v2/resolve/main/config.json "HTTP/1.1 307 Temporary Redirect"
2026-06-16 00:09:32,879 - httpx - INFO - HTTP Request: HEAD https://huggingface.co/cross-encoder/ms-marco-MiniLM-L6-v2/resolve/main/config.json "HTTP/1.1 307 Temporary Redirect"
2026-06-16 00:09:32,889 - httpx - INFO - HTTP Request: HEAD https://huggingface.co/api/resolve-cache/models/cross-encoder/ms-marco-MiniLM-L6-v2/c5ee24cb16019beea0893ab7796b1df96625c6b8/config.json "HTTP/1.1 200 OK"
2026-06-16 00:09:33,130 - httpx - INFO - HTTP Request: HEAD https://huggingface.co/cross-encoder/ms-marco-MiniLM-L-6-v2/resolve/main/adapter_config.json "HTTP/1.1 307 Temporary Redirect"
2026-06-16 00:09:33,364 - httpx - INFO - HTTP Request: HEAD https://huggingface.co/cross-encoder/ms-marco-MiniLM-L6-v2/resolve/main/adapter_config.json "HTTP/1.1 404 Not Found"
2026-06-16 00:09:33,591 - httpx - INFO - HTTP Request: HEAD https://huggingface.co/cross-encoder/ms-marco-MiniLM-L-6-v2/resolve/main/config.json "HTTP/1.1 307 Temporary Redirect"
2026-06-16 00:09:33,820 - httpx - INFO - HTTP Request: HEAD https://huggingface.co/cross-encoder/ms-marco-MiniLM-L6-v2/resolve/main/config.json "HTTP/1.1 307 Temporary Redirect"
2026-06-16 00:09:33,830 - httpx - INFO - HTTP Request: HEAD https://huggingface.co/api/resolve-cache/models/cross-encoder/ms-marco-MiniLM-L6-v2/c5ee24cb16019beea0893ab7796b1df96625c6b8/config.json "HTTP/1.1 200 OK"
2026-06-16 00:09:34,163 - httpx - INFO - HTTP Request: HEAD https://huggingface.co/cross-encoder/ms-marco-MiniLM-L-6-v2/resolve/main/processor_config.json "HTTP/1.1 307 Temporary Redirect"
