2026-06-16 23:49:14,875 - rag_pipeline_prod - INFO - ==================================================
2026-06-16 23:49:14,877 - rag_pipeline_prod - INFO - Initializing RAG Pipeline (Production)
2026-06-16 23:49:14,878 - rag_pipeline_prod - INFO - Timestamp: 2026-06-16T23:49:14.878668
2026-06-16 23:49:14,879 - rag_pipeline_prod - INFO - ==================================================
2026-06-16 23:49:14,879 - rag_pipeline_prod - WARNING - No GPU available, using CPU
2026-06-16 23:49:14,880 - rag_pipeline_prod - INFO - Loading embedding model: all-mpnet-base-v2 on cpu
2026-06-16 23:49:15,639 - httpx - INFO - HTTP Request: HEAD https://huggingface.co/sentence-transformers/all-mpnet-base-v2/resolve/main/modules.json "HTTP/1.1 307 Temporary Redirect"
2026-06-16 23:49:15,651 - httpx - INFO - HTTP Request: HEAD https://huggingface.co/api/resolve-cache/models/sentence-transformers/all-mpnet-base-v2/e8c3b32edf5434bc2275fc9bab85f82640a19130/modules.json "HTTP/1.1 200 OK"
2026-06-16 23:49:15,890 - httpx - INFO - HTTP Request: HEAD https://huggingface.co/sentence-transformers/all-mpnet-base-v2/resolve/main/config_sentence_transformers.json "HTTP/1.1 307 Temporary Redirect"
Warning: You are sending unauthenticated requests to the HF Hub. Please set a HF_TOKEN to enable higher rate limits and faster downloads.
2026-06-16 23:49:15,891 - huggingface_hub.utils._http - WARNING - Warning: You are sending unauthenticated requests to the HF Hub. Please set a HF_TOKEN to enable higher rate limits and faster downloads.
2026-06-16 23:49:15,902 - httpx - INFO - HTTP Request: HEAD https://huggingface.co/api/resolve-cache/models/sentence-transformers/all-mpnet-base-v2/e8c3b32edf5434bc2275fc9bab85f82640a19130/config_sentence_transformers.json "HTTP/1.1 200 OK"
2026-06-16 23:49:15,905 - sentence_transformers.base.model - INFO - Loading SentenceTransformer model from sentence-transformers/all-mpnet-base-v2.
2026-06-16 23:49:19,742 - httpx - INFO - HTTP Request: HEAD https://huggingface.co/sentence-transformers/all-mpnet-base-v2/resolve/main/config_sentence_transformers.json "HTTP/1.1 307 Temporary Redirect"
2026-06-16 23:49:19,752 - httpx - INFO - HTTP Request: HEAD https://huggingface.co/api/resolve-cache/models/sentence-transformers/all-mpnet-base-v2/e8c3b32edf5434bc2275fc9bab85f82640a19130/config_sentence_transformers.json "HTTP/1.1 200 OK"
2026-06-16 23:49:19,988 - httpx - INFO - HTTP Request: HEAD https://huggingface.co/sentence-transformers/all-mpnet-base-v2/resolve/main/README.md "HTTP/1.1 307 Temporary Redirect"
2026-06-16 23:49:20,000 - httpx - INFO - HTTP Request: HEAD https://huggingface.co/api/resolve-cache/models/sentence-transformers/all-mpnet-base-v2/e8c3b32edf5434bc2275fc9bab85f82640a19130/README.md "HTTP/1.1 200 OK"
2026-06-16 23:49:20,232 - httpx - INFO - HTTP Request: HEAD https://huggingface.co/sentence-transformers/all-mpnet-base-v2/resolve/main/modules.json "HTTP/1.1 307 Temporary Redirect"
2026-06-16 23:49:20,244 - httpx - INFO - HTTP Request: HEAD https://huggingface.co/api/resolve-cache/models/sentence-transformers/all-mpnet-base-v2/e8c3b32edf5434bc2275fc9bab85f82640a19130/modules.json "HTTP/1.1 200 OK"
2026-06-16 23:49:20,481 - httpx - INFO - HTTP Request: HEAD https://huggingface.co/sentence-transformers/all-mpnet-base-v2/resolve/main/sentence_bert_config.json "HTTP/1.1 307 Temporary Redirect"
2026-06-16 23:49:20,495 - httpx - INFO - HTTP Request: HEAD https://huggingface.co/api/resolve-cache/models/sentence-transformers/all-mpnet-base-v2/e8c3b32edf5434bc2275fc9bab85f82640a19130/sentence_bert_config.json "HTTP/1.1 200 OK"
2026-06-16 23:49:20,728 - httpx - INFO - HTTP Request: HEAD https://huggingface.co/sentence-transformers/all-mpnet-base-v2/resolve/main/adapter_config.json "HTTP/1.1 404 Not Found"
2026-06-16 23:49:20,965 - httpx - INFO - HTTP Request: HEAD https://huggingface.co/sentence-transformers/all-mpnet-base-v2/resolve/main/config.json "HTTP/1.1 307 Temporary Redirect"
2026-06-16 23:49:20,978 - httpx - INFO - HTTP Request: HEAD https://huggingface.co/api/resolve-cache/models/sentence-transformers/all-mpnet-base-v2/e8c3b32edf5434bc2275fc9bab85f82640a19130/config.json "HTTP/1.1 200 OK"
Loading weights:   0%|          | 0/199 [00:00<?, ?it/s]Loading weights: 100%|##########| 199/199 [00:00<00:00, 5589.75it/s]
2026-06-16 23:49:21,447 - httpx - INFO - HTTP Request: HEAD https://huggingface.co/sentence-transformers/all-mpnet-base-v2/resolve/main/processor_config.json "HTTP/1.1 404 Not Found"
2026-06-16 23:49:21,679 - httpx - INFO - HTTP Request: HEAD https://huggingface.co/sentence-transformers/all-mpnet-base-v2/resolve/main/preprocessor_config.json "HTTP/1.1 404 Not Found"
2026-06-16 23:49:21,911 - httpx - INFO - HTTP Request: HEAD https://huggingface.co/sentence-transformers/all-mpnet-base-v2/resolve/main/video_preprocessor_config.json "HTTP/1.1 404 Not Found"
2026-06-16 23:49:22,141 - httpx - INFO - HTTP Request: HEAD https://huggingface.co/sentence-transformers/all-mpnet-base-v2/resolve/main/preprocessor_config.json "HTTP/1.1 404 Not Found"
2026-06-16 23:49:22,373 - httpx - INFO - HTTP Request: HEAD https://huggingface.co/sentence-transformers/all-mpnet-base-v2/resolve/main/tokenizer_config.json "HTTP/1.1 307 Temporary Redirect"
2026-06-16 23:49:22,385 - httpx - INFO - HTTP Request: HEAD https://huggingface.co/api/resolve-cache/models/sentence-transformers/all-mpnet-base-v2/e8c3b32edf5434bc2275fc9bab85f82640a19130/tokenizer_config.json "HTTP/1.1 200 OK"
2026-06-16 23:49:22,617 - httpx - INFO - HTTP Request: HEAD https://huggingface.co/sentence-transformers/all-mpnet-base-v2/resolve/main/config.json "HTTP/1.1 307 Temporary Redirect"
2026-06-16 23:49:22,629 - httpx - INFO - HTTP Request: HEAD https://huggingface.co/api/resolve-cache/models/sentence-transformers/all-mpnet-base-v2/e8c3b32edf5434bc2275fc9bab85f82640a19130/config.json "HTTP/1.1 200 OK"
2026-06-16 23:49:25,131 - httpx - INFO - HTTP Request: HEAD https://huggingface.co/sentence-transformers/all-mpnet-base-v2/resolve/main/config.json "HTTP/1.1 307 Temporary Redirect"
2026-06-16 23:49:25,142 - httpx - INFO - HTTP Request: HEAD https://huggingface.co/api/resolve-cache/models/sentence-transformers/all-mpnet-base-v2/e8c3b32edf5434bc2275fc9bab85f82640a19130/config.json "HTTP/1.1 200 OK"
2026-06-16 23:49:25,393 - httpx - INFO - HTTP Request: HEAD https://huggingface.co/sentence-transformers/all-mpnet-base-v2/resolve/main/tokenizer_config.json "HTTP/1.1 307 Temporary Redirect"
2026-06-16 23:49:25,403 - httpx - INFO - HTTP Request: HEAD https://huggingface.co/api/resolve-cache/models/sentence-transformers/all-mpnet-base-v2/e8c3b32edf5434bc2275fc9bab85f82640a19130/tokenizer_config.json "HTTP/1.1 200 OK"
2026-06-16 23:49:25,650 - httpx - INFO - HTTP Request: GET https://huggingface.co/api/models/sentence-transformers/all-mpnet-base-v2/tree/main/additional_chat_templates?recursive=false&expand=false "HTTP/1.1 404 Not Found"
2026-06-16 23:49:26,061 - httpx - INFO - HTTP Request: GET https://huggingface.co/api/models/sentence-transformers/all-mpnet-base-v2/tree/main?recursive=true&expand=false "HTTP/1.1 200 OK"
2026-06-16 23:49:26,344 - httpx - INFO - HTTP Request: HEAD https://huggingface.co/sentence-transformers/all-mpnet-base-v2/resolve/main/1_Pooling/config.json "HTTP/1.1 307 Temporary Redirect"
2026-06-16 23:49:26,357 - httpx - INFO - HTTP Request: HEAD https://huggingface.co/api/resolve-cache/models/sentence-transformers/all-mpnet-base-v2/e8c3b32edf5434bc2275fc9bab85f82640a19130/1_Pooling%2Fconfig.json "HTTP/1.1 200 OK"
2026-06-16 23:49:26,599 - httpx - INFO - HTTP Request: GET https://huggingface.co/api/models/sentence-transformers/all-mpnet-base-v2 "HTTP/1.1 200 OK"
2026-06-16 23:49:26,602 - rag_pipeline_prod - INFO - Embedding model loaded successfully
2026-06-16 23:49:26,602 - rag_pipeline_prod - INFO - Loading cross-encoder: cross-encoder/ms-marco-MiniLM-L-6-v2 on cpu
2026-06-16 23:49:26,833 - httpx - INFO - HTTP Request: HEAD https://huggingface.co/cross-encoder/ms-marco-MiniLM-L-6-v2/resolve/main/modules.json "HTTP/1.1 307 Temporary Redirect"
2026-06-16 23:49:27,061 - httpx - INFO - HTTP Request: HEAD https://huggingface.co/cross-encoder/ms-marco-MiniLM-L6-v2/resolve/main/modules.json "HTTP/1.1 404 Not Found"
2026-06-16 23:49:27,063 - sentence_transformers.base.model - INFO - No modules.json found for cross-encoder/ms-marco-MiniLM-L-6-v2, initializing a new CrossEncoder model.
2026-06-16 23:49:27,294 - httpx - INFO - HTTP Request: GET https://huggingface.co/api/models/cross-encoder/ms-marco-MiniLM-L-6-v2 "HTTP/1.1 307 Temporary Redirect"
2026-06-16 23:49:27,528 - httpx - INFO - HTTP Request: GET https://huggingface.co/api/models/cross-encoder/ms-marco-MiniLM-L6-v2 "HTTP/1.1 200 OK"
2026-06-16 23:49:27,765 - httpx - INFO - HTTP Request: HEAD https://huggingface.co/cross-encoder/ms-marco-MiniLM-L-6-v2/resolve/main/config.json "HTTP/1.1 307 Temporary Redirect"
2026-06-16 23:49:28,000 - httpx - INFO - HTTP Request: HEAD https://huggingface.co/cross-encoder/ms-marco-MiniLM-L6-v2/resolve/main/config.json "HTTP/1.1 307 Temporary Redirect"
2026-06-16 23:49:28,012 - httpx - INFO - HTTP Request: HEAD https://huggingface.co/api/resolve-cache/models/cross-encoder/ms-marco-MiniLM-L6-v2/c5ee24cb16019beea0893ab7796b1df96625c6b8/config.json "HTTP/1.1 200 OK"
2026-06-16 23:49:28,250 - httpx - INFO - HTTP Request: HEAD https://huggingface.co/cross-encoder/ms-marco-MiniLM-L-6-v2/resolve/main/adapter_config.json "HTTP/1.1 307 Temporary Redirect"
2026-06-16 23:49:28,483 - httpx - INFO - HTTP Request: HEAD https://huggingface.co/cross-encoder/ms-marco-MiniLM-L6-v2/resolve/main/adapter_config.json "HTTP/1.1 404 Not Found"
2026-06-16 23:49:28,716 - httpx - INFO - HTTP Request: HEAD https://huggingface.co/cross-encoder/ms-marco-MiniLM-L-6-v2/resolve/main/config.json "HTTP/1.1 307 Temporary Redirect"
2026-06-16 23:49:29,106 - httpx - INFO - HTTP Request: HEAD https://huggingface.co/cross-encoder/ms-marco-MiniLM-L6-v2/resolve/main/config.json "HTTP/1.1 307 Temporary Redirect"
2026-06-16 23:49:29,117 - httpx - INFO - HTTP Request: HEAD https://huggingface.co/api/resolve-cache/models/cross-encoder/ms-marco-MiniLM-L6-v2/c5ee24cb16019beea0893ab7796b1df96625c6b8/config.json "HTTP/1.1 200 OK"
Loading weights:   0%|          | 0/105 [00:00<?, ?it/s]Loading weights: 100%|##########| 105/105 [00:00<00:00, 7037.65it/s]
2026-06-16 23:49:29,417 - httpx - INFO - HTTP Request: HEAD https://huggingface.co/cross-encoder/ms-marco-MiniLM-L-6-v2/resolve/main/processor_config.json "HTTP/1.1 307 Temporary Redirect"
2026-06-16 23:49:37,216 - httpx - INFO - HTTP Request: HEAD https://huggingface.co/cross-encoder/ms-marco-MiniLM-L6-v2/resolve/main/processor_config.json "HTTP/1.1 404 Not Found"
2026-06-16 23:49:38,579 - httpx - INFO - HTTP Request: HEAD https://huggingface.co/cross-encoder/ms-marco-MiniLM-L-6-v2/resolve/main/preprocessor_config.json "HTTP/1.1 307 Temporary Redirect"
2026-06-16 23:49:38,849 - httpx - INFO - HTTP Request: HEAD https://huggingface.co/cross-encoder/ms-marco-MiniLM-L6-v2/resolve/main/preprocessor_config.json "HTTP/1.1 404 Not Found"
2026-06-16 23:49:39,083 - httpx - INFO - HTTP Request: HEAD https://huggingface.co/cross-encoder/ms-marco-MiniLM-L-6-v2/resolve/main/video_preprocessor_config.json "HTTP/1.1 307 Temporary Redirect"
2026-06-16 23:49:39,319 - httpx - INFO - HTTP Request: HEAD https://huggingface.co/cross-encoder/ms-marco-MiniLM-L6-v2/resolve/main/video_preprocessor_config.json "HTTP/1.1 404 Not Found"
2026-06-16 23:49:39,551 - httpx - INFO - HTTP Request: HEAD https://huggingface.co/cross-encoder/ms-marco-MiniLM-L-6-v2/resolve/main/preprocessor_config.json "HTTP/1.1 307 Temporary Redirect"
2026-06-16 23:49:39,784 - httpx - INFO - HTTP Request: HEAD https://huggingface.co/cross-encoder/ms-marco-MiniLM-L6-v2/resolve/main/preprocessor_config.json "HTTP/1.1 404 Not Found"
2026-06-16 23:49:40,014 - httpx - INFO - HTTP Request: HEAD https://huggingface.co/cross-encoder/ms-marco-MiniLM-L-6-v2/resolve/main/tokenizer_config.json "HTTP/1.1 307 Temporary Redirect"
2026-06-16 23:49:40,246 - httpx - INFO - HTTP Request: HEAD https://huggingface.co/cross-encoder/ms-marco-MiniLM-L6-v2/resolve/main/tokenizer_config.json "HTTP/1.1 307 Temporary Redirect"
2026-06-16 23:49:40,258 - httpx - INFO - HTTP Request: HEAD https://huggingface.co/api/resolve-cache/models/cross-encoder/ms-marco-MiniLM-L6-v2/c5ee24cb16019beea0893ab7796b1df96625c6b8/tokenizer_config.json "HTTP/1.1 200 OK"
2026-06-16 23:49:40,493 - httpx - INFO - HTTP Request: HEAD https://huggingface.co/cross-encoder/ms-marco-MiniLM-L-6-v2/resolve/main/config.json "HTTP/1.1 307 Temporary Redirect"
2026-06-16 23:49:40,732 - httpx - INFO - HTTP Request: HEAD https://huggingface.co/cross-encoder/ms-marco-MiniLM-L6-v2/resolve/main/config.json "HTTP/1.1 307 Temporary Redirect"
2026-06-16 23:49:40,743 - httpx - INFO - HTTP Request: HEAD https://huggingface.co/api/resolve-cache/models/cross-encoder/ms-marco-MiniLM-L6-v2/c5ee24cb16019beea0893ab7796b1df96625c6b8/config.json "HTTP/1.1 200 OK"
2026-06-16 23:49:40,980 - httpx - INFO - HTTP Request: HEAD https://huggingface.co/cross-encoder/ms-marco-MiniLM-L-6-v2/resolve/main/config.json "HTTP/1.1 307 Temporary Redirect"
2026-06-16 23:49:41,323 - httpx - INFO - HTTP Request: HEAD https://huggingface.co/cross-encoder/ms-marco-MiniLM-L6-v2/resolve/main/config.json "HTTP/1.1 307 Temporary Redirect"
2026-06-16 23:49:41,336 - httpx - INFO - HTTP Request: HEAD https://huggingface.co/api/resolve-cache/models/cross-encoder/ms-marco-MiniLM-L6-v2/c5ee24cb16019beea0893ab7796b1df96625c6b8/config.json "HTTP/1.1 200 OK"
2026-06-16 23:49:41,650 - httpx - INFO - HTTP Request: HEAD https://huggingface.co/cross-encoder/ms-marco-MiniLM-L-6-v2/resolve/main/tokenizer_config.json "HTTP/1.1 307 Temporary Redirect"
2026-06-16 23:49:41,888 - httpx - INFO - HTTP Request: HEAD https://huggingface.co/cross-encoder/ms-marco-MiniLM-L6-v2/resolve/main/tokenizer_config.json "HTTP/1.1 307 Temporary Redirect"
2026-06-16 23:49:41,901 - httpx - INFO - HTTP Request: HEAD https://huggingface.co/api/resolve-cache/models/cross-encoder/ms-marco-MiniLM-L6-v2/c5ee24cb16019beea0893ab7796b1df96625c6b8/tokenizer_config.json "HTTP/1.1 200 OK"
2026-06-16 23:49:42,679 - httpx - INFO - HTTP Request: GET https://huggingface.co/api/models/cross-encoder/ms-marco-MiniLM-L-6-v2/tree/main/additional_chat_templates?recursive=false&expand=false "HTTP/1.1 307 Temporary Redirect"
2026-06-16 23:49:42,915 - httpx - INFO - HTTP Request: GET https://huggingface.co/api/models/cross-encoder/ms-marco-MiniLM-L6-v2/tree/main/additional_chat_templates?recursive=false&expand=false "HTTP/1.1 404 Not Found"
2026-06-16 23:49:43,147 - httpx - INFO - HTTP Request: GET https://huggingface.co/api/models/cross-encoder/ms-marco-MiniLM-L-6-v2/tree/main?recursive=true&expand=false "HTTP/1.1 307 Temporary Redirect"
2026-06-16 23:49:43,380 - httpx - INFO - HTTP Request: GET https://huggingface.co/api/models/cross-encoder/ms-marco-MiniLM-L6-v2/tree/main?recursive=true&expand=false "HTTP/1.1 200 OK"
2026-06-16 23:49:43,447 - rag_pipeline_prod - INFO - Cross-encoder loaded successfully
2026-06-16 23:49:43,448 - rag_pipeline_prod - INFO - Initializing Chroma with persist_directory: ./chroma_db
2026-06-16 23:49:43,571 - rag_pipeline_prod - INFO - Using existing collection: rag_docs
2026-06-16 23:49:43,572 - rag_pipeline_prod - INFO - RAG Pipeline initialization complete
INFO:     Started server process [7260]
INFO:     Waiting for application startup.
2026-06-16 23:49:43,660 - rag_pipeline_prod - INFO - RAG API server started
INFO:     Application startup complete.
INFO:     Uvicorn running on http://0.0.0.0:8001 (Press CTRL+C to quit)
